{"errors":[{"message":"CEP INVÁLIDO","name":"ServiceError","service":"correios"},{"message":"CEP não encontrado na base do ViaCEP.","name":"ServiceError","service":"viacep"},{"message":"CEP não encontrado na base do WideNet.","name":"ServiceError","service":"widenet"},{"message":"CEP não encontrado na base do BrasilAPI.","name":"ServiceError","service":"brasilapi"}],"level":"error","message":"Todos os serviços de CEP retornaram erro.","name":"CepPromiseError","stack":"CepPromiseError: Todos os serviços de CEP retornaram erro.\n    at X (C:\\Users\\hudso\\Desktop\\Projetos\\api-cep\\node_modules\\cep-promise\\dist\\cep-promise.min.js:1:8339)\n    at processTicksAndRejections (internal/process/task_queues.js:95:5)\n    at async Object.get (C:\\Users\\hudso\\Desktop\\Projetos\\api-cep\\src\\services\\cepService.js:9:20)\n    at async getCep (C:\\Users\\hudso\\Desktop\\Projetos\\api-cep\\src\\controllers\\cepController.js:7:34)","type":"service_error"}
{"errors":[{"message":"CEP INVÁLIDO","name":"ServiceError","service":"correios"},{"message":"CEP não encontrado na base do ViaCEP.","name":"ServiceError","service":"viacep"},{"message":"CEP não encontrado na base do WideNet.","name":"ServiceError","service":"widenet"},{"message":"CEP não encontrado na base do BrasilAPI.","name":"ServiceError","service":"brasilapi"}],"level":"error","message":"Todos os serviços de CEP retornaram erro.","name":"CepPromiseError","stack":"CepPromiseError: Todos os serviços de CEP retornaram erro.\n    at X (C:\\Users\\hudso\\Desktop\\Projetos\\api-cep\\node_modules\\cep-promise\\dist\\cep-promise.min.js:1:8339)\n    at processTicksAndRejections (internal/process/task_queues.js:95:5)\n    at async Object.get (C:\\Users\\hudso\\Desktop\\Projetos\\api-cep\\src\\services\\cepService.js:9:25)\n    at async getCep (C:\\Users\\hudso\\Desktop\\Projetos\\api-cep\\src\\controllers\\cepController.js:7:34)","type":"service_error"}
{"errors":[{"message":"CEP INVÁLIDO","name":"ServiceError","service":"correios"},{"message":"CEP não encontrado na base do ViaCEP.","name":"ServiceError","service":"viacep"},{"message":"CEP não encontrado na base do WideNet.","name":"ServiceError","service":"widenet"},{"message":"CEP não encontrado na base do BrasilAPI.","name":"ServiceError","service":"brasilapi"}],"level":"error","message":"Todos os serviços de CEP retornaram erro.","name":"CepPromiseError","stack":"CepPromiseError: Todos os serviços de CEP retornaram erro.\n    at X (C:\\Users\\hudso\\Desktop\\Projetos\\api-cep\\node_modules\\cep-promise\\dist\\cep-promise.min.js:1:8339)\n    at processTicksAndRejections (internal/process/task_queues.js:95:5)\n    at async Object.get (C:\\Users\\hudso\\Desktop\\Projetos\\api-cep\\src\\services\\cepService.js:9:42)\n    at async getCep (C:\\Users\\hudso\\Desktop\\Projetos\\api-cep\\src\\controllers\\cepController.js:7:34)","type":"service_error"}
{"errors":[{"message":"CEP informado possui mais do que 8 caracteres.","service":"cep_validation"}],"level":"error","message":"CEP deve conter exatamente 8 caracteres.","name":"CepPromiseError","stack":"CepPromiseError: CEP deve conter exatamente 8 caracteres.\n    at X (C:\\Users\\hudso\\Desktop\\Projetos\\api-cep\\node_modules\\cep-promise\\dist\\cep-promise.min.js:1:8339)\n    at processTicksAndRejections (internal/process/task_queues.js:95:5)\n    at async Object.get (C:\\Users\\hudso\\Desktop\\Projetos\\api-cep\\src\\services\\cepService.js:9:41)\n    at async getCep (C:\\Users\\hudso\\Desktop\\Projetos\\api-cep\\src\\controllers\\cepController.js:7:34)","type":"validation_error"}
{"errors":[{"message":"CEP informado possui mais do que 8 caracteres.","service":"cep_validation"}],"level":"error","message":"CEP deve conter exatamente 8 caracteres.","name":"CepPromiseError","stack":"CepPromiseError: CEP deve conter exatamente 8 caracteres.\n    at X (C:\\Users\\hudso\\Desktop\\Projetos\\api-cep\\node_modules\\cep-promise\\dist\\cep-promise.min.js:1:8339)\n    at processTicksAndRejections (internal/process/task_queues.js:95:5)\n    at async Object.get (C:\\Users\\hudso\\Desktop\\Projetos\\api-cep\\src\\services\\cepService.js:9:41)\n    at async getCep (C:\\Users\\hudso\\Desktop\\Projetos\\api-cep\\src\\controllers\\cepController.js:7:34)","type":"validation_error"}
{"errors":[{"message":"CEP INVÁLIDO","name":"ServiceError","service":"correios"},{"message":"CEP não encontrado na base do ViaCEP.","name":"ServiceError","service":"viacep"},{"message":"CEP não encontrado na base do WideNet.","name":"ServiceError","service":"widenet"},{"message":"CEP não encontrado na base do BrasilAPI.","name":"ServiceError","service":"brasilapi"}],"level":"error","message":"Todos os serviços de CEP retornaram erro.","name":"CepPromiseError","stack":"CepPromiseError: Todos os serviços de CEP retornaram erro.\n    at X (C:\\Users\\hudso\\Desktop\\Projetos\\api-cep\\node_modules\\cep-promise\\dist\\cep-promise.min.js:1:8339)\n    at processTicksAndRejections (internal/process/task_queues.js:95:5)\n    at async Object.get (C:\\Users\\hudso\\Desktop\\Projetos\\api-cep\\src\\services\\cepService.js:9:41)\n    at async getCep (C:\\Users\\hudso\\Desktop\\Projetos\\api-cep\\src\\controllers\\cepController.js:7:34)","type":"service_error"}
{"errors":[{"message":"CEP INVÁLIDO","name":"ServiceError","service":"correios"},{"message":"CEP não encontrado na base do ViaCEP.","name":"ServiceError","service":"viacep"},{"message":"CEP não encontrado na base do WideNet.","name":"ServiceError","service":"widenet"},{"message":"CEP não encontrado na base do BrasilAPI.","name":"ServiceError","service":"brasilapi"}],"level":"error","message":"Todos os serviços de CEP retornaram erro.","name":"CepPromiseError","stack":"CepPromiseError: Todos os serviços de CEP retornaram erro.\n    at X (C:\\Users\\hudso\\Desktop\\Projetos\\api-cep\\node_modules\\cep-promise\\dist\\cep-promise.min.js:1:8339)\n    at processTicksAndRejections (internal/process/task_queues.js:95:5)\n    at async Object.get (C:\\Users\\hudso\\Desktop\\Projetos\\api-cep\\src\\services\\cepService.js:10:41)\n    at async getCep (C:\\Users\\hudso\\Desktop\\Projetos\\api-cep\\src\\controllers\\cepController.js:7:34)","type":"service_error"}
{"errors":[{"message":"CEP INVÁLIDO","name":"ServiceError","service":"correios"},{"message":"CEP não encontrado na base do ViaCEP.","name":"ServiceError","service":"viacep"},{"message":"CEP não encontrado na base do WideNet.","name":"ServiceError","service":"widenet"},{"message":"CEP não encontrado na base do BrasilAPI.","name":"ServiceError","service":"brasilapi"}],"level":"error","message":"Todos os serviços de CEP retornaram erro.","name":"CepPromiseError","stack":"CepPromiseError: Todos os serviços de CEP retornaram erro.\n    at X (C:\\Users\\hudso\\Desktop\\Projetos\\api-cep\\node_modules\\cep-promise\\dist\\cep-promise.min.js:1:8339)\n    at processTicksAndRejections (internal/process/task_queues.js:95:5)\n    at async Object.get (C:\\Users\\hudso\\Desktop\\Projetos\\api-cep\\src\\services\\cepService.js:10:41)\n    at async getCep (C:\\Users\\hudso\\Desktop\\Projetos\\api-cep\\src\\controllers\\cepController.js:7:34)","type":"service_error"}
{"errors":[{"message":"CEP INVÁLIDO","name":"ServiceError","service":"correios"},{"message":"CEP não encontrado na base do ViaCEP.","name":"ServiceError","service":"viacep"},{"message":"CEP não encontrado na base do WideNet.","name":"ServiceError","service":"widenet"},{"message":"CEP não encontrado na base do BrasilAPI.","name":"ServiceError","service":"brasilapi"}],"level":"error","message":"Todos os serviços de CEP retornaram erro.","name":"CepPromiseError","stack":"CepPromiseError: Todos os serviços de CEP retornaram erro.\n    at X (C:\\Users\\hudso\\Desktop\\Projetos\\api-cep\\node_modules\\cep-promise\\dist\\cep-promise.min.js:1:8339)\n    at processTicksAndRejections (internal/process/task_queues.js:95:5)\n    at async Object.get (C:\\Users\\hudso\\Desktop\\Projetos\\api-cep\\src\\services\\cepService.js:10:41)\n    at async getCep (C:\\Users\\hudso\\Desktop\\Projetos\\api-cep\\src\\controllers\\cepController.js:7:34)","type":"service_error"}
{"errors":[{"message":"CEP INVÁLIDO","name":"ServiceError","service":"correios"},{"message":"CEP não encontrado na base do ViaCEP.","name":"ServiceError","service":"viacep"},{"message":"CEP não encontrado na base do WideNet.","name":"ServiceError","service":"widenet"},{"message":"CEP não encontrado na base do BrasilAPI.","name":"ServiceError","service":"brasilapi"}],"level":"error","message":"Todos os serviços de CEP retornaram erro.","name":"CepPromiseError","stack":"CepPromiseError: Todos os serviços de CEP retornaram erro.\n    at X (C:\\Users\\hudso\\Desktop\\Projetos\\api-cep\\node_modules\\cep-promise\\dist\\cep-promise.min.js:1:8339)\n    at processTicksAndRejections (internal/process/task_queues.js:95:5)\n    at async Object.get (C:\\Users\\hudso\\Desktop\\Projetos\\api-cep\\src\\services\\cepService.js:10:42)\n    at async getCep (C:\\Users\\hudso\\Desktop\\Projetos\\api-cep\\src\\controllers\\cepController.js:7:34)","type":"service_error"}
{"errors":[{"message":"CEP INVÁLIDO","name":"ServiceError","service":"correios"},{"message":"CEP não encontrado na base do ViaCEP.","name":"ServiceError","service":"viacep"},{"message":"CEP não encontrado na base do WideNet.","name":"ServiceError","service":"widenet"},{"message":"CEP não encontrado na base do BrasilAPI.","name":"ServiceError","service":"brasilapi"}],"level":"error","message":"Todos os serviços de CEP retornaram erro.","name":"CepPromiseError","stack":"CepPromiseError: Todos os serviços de CEP retornaram erro.\n    at X (C:\\Users\\hudso\\Desktop\\Projetos\\api-cep\\node_modules\\cep-promise\\dist\\cep-promise.min.js:1:8339)\n    at processTicksAndRejections (internal/process/task_queues.js:95:5)\n    at async Object.get (C:\\Users\\hudso\\Desktop\\Projetos\\api-cep\\src\\services\\cepService.js:10:42)\n    at async getCep (C:\\Users\\hudso\\Desktop\\Projetos\\api-cep\\src\\controllers\\cepController.js:7:34)","type":"service_error"}
{"errors":[{"message":"CEP informado possui mais do que 8 caracteres.","service":"cep_validation"}],"level":"error","message":"CEP deve conter exatamente 8 caracteres.","name":"CepPromiseError","stack":"CepPromiseError: CEP deve conter exatamente 8 caracteres.\n    at X (C:\\Users\\hudso\\Desktop\\Projetos\\api-cep\\node_modules\\cep-promise\\dist\\cep-promise.min.js:1:8339)\n    at processTicksAndRejections (internal/process/task_queues.js:95:5)\n    at async Object.get (C:\\Users\\hudso\\Desktop\\Projetos\\api-cep\\src\\services\\cepService.js:10:42)\n    at async getCep (C:\\Users\\hudso\\Desktop\\Projetos\\api-cep\\src\\controllers\\cepController.js:7:34)","type":"validation_error"}
{"code":400,"error":{"errors":[{"message":"CEP informado possui mais do que 8 caracteres.","service":"cep_validation"}],"message":"CEP deve conter exatamente 8 caracteres.","name":"CepPromiseError","type":"validation_error"},"level":"error","message":"Bad Request"}
{"code":400,"level":"error","message":"Bad Request"}
{"code":400,"level":"error","message":"Bad Request"}
{"code":400,"error":{"errors":[{"message":"CEP informado possui mais do que 8 caracteres.","service":"cep_validation"}],"message":"CEP deve conter exatamente 8 caracteres.","name":"CepPromiseError","type":"validation_error"},"level":"error","message":"Bad Request"}
{"code":400,"level":"error","message":"Bad Request"}
{"code":400,"error":{},"level":"error","message":"Bad Request"}
{"code":400,"error":{"errors":[{"message":"CEP informado possui mais do que 8 caracteres.","service":"cep_validation"}],"message":"CEP deve conter exatamente 8 caracteres.","name":"CepPromiseError","type":"validation_error"},"level":"error","message":"Bad Request"}
{"code":400,"error":{"message":"CEP informado possui mais do que 8 caracteres.","service":"cep_validation"},"level":"error","message":"Bad Request"}
{"code":400,"error":{"message":"CEP INVÁLIDO","name":"ServiceError","service":"correios"},"level":"error","message":"Bad Request"}
{"code":400,"error":"CEP INVÁLIDO","level":"error","message":"Bad Request"}
{"code":400,"error":{"message":"CEP INVÁLIDO"},"level":"error","message":"Bad Request"}
{"code":400,"error":"CEP INVÁLIDO","level":"error","message":"Bad Request"}
{"code":400,"error":{"message":"CEP INVÁLIDO","name":"ServiceError","service":"correios"},"level":"error","message":"Bad Request"}
{"code":400,"error":"CEP INVÁLIDO","level":"error","message":"Bad Request"}
{"code":400,"error":"CEP informado possui mais do que 8 caracteres.","level":"error","message":"Bad Request"}
{"code":400,"error":"CEP INVÁLIDO","level":"error","message":"Bad Request"}
{"code":400,"error":"CEP informado possui mais do que 8 caracteres.","level":"error","message":"Bad Request"}
{"code":400,"error":"CEP informado possui mais do que 8 caracteres.","level":"error","message":"Bad Request"}
{"code":400,"error":"CEP informado possui mais do que 8 caracteres.","level":"error","message":"Bad Request"}
{"code":400,"error":"CEP INVÁLIDO","level":"error","message":"Bad Request"}
{"code":400,"error":"CEP NAO ENCONTRADO","level":"error","message":"Bad Request"}
{"code":400,"error":"CEP NAO ENCONTRADO","level":"error","message":"Bad Request"}
{"code":400,"error":"Não foi possível interpretar o XML de resposta.","level":"error","message":"Bad Request"}
{"code":400,"error":"CEP NAO ENCONTRADO","level":"error","message":"Bad Request"}
{"code":400,"error":"CEP informado possui mais do que 8 caracteres.","level":"error","message":"Bad Request"}
{"code":400,"error":"CEP informado possui mais do que 8 caracteres.","level":"error","message":"Bad Request"}
{"code":400,"error":"CEP informado possui mais do que 8 caracteres.","level":"error","message":"Bad Request"}
{"code":400,"error":"CEP INVÁLIDO","level":"error","message":"Bad Request"}
{"code":400,"error":"CEP NAO ENCONTRADO","level":"error","message":"Bad Request"}
{"code":400,"error":"CEP informado possui mais do que 8 caracteres.","level":"error","message":"Bad Request"}
{"code":400,"error":"Não foi possível interpretar o XML de resposta.","level":"error","message":"Bad Request"}
{"code":400,"error":"Não foi possível interpretar o XML de resposta.","level":"error","message":"Bad Request"}
{"code":400,"error":"CEP NAO ENCONTRADO","level":"error","message":"Bad Request"}
{"code":400,"error":"Não foi possível interpretar o XML de resposta.","level":"error","message":"Bad Request"}
{"code":400,"error":"CEP NAO ENCONTRADO","level":"error","message":"Bad Request"}
{"code":400,"error":"Não foi possível interpretar o XML de resposta.","level":"error","message":"Bad Request"}
{"code":400,"error":"CEP NAO ENCONTRADO","level":"error","message":"Bad Request"}
{"code":400,"error":"CEP NAO ENCONTRADO","level":"error","message":"Bad Request"}
{"code":400,"error":"CEP NAO ENCONTRADO","level":"error","message":"Bad Request"}
{"code":400,"error":"CEP NAO ENCONTRADO","level":"error","message":"Bad Request"}
{"code":400,"error":"CEP NAO ENCONTRADO","level":"error","message":"Bad Request"}
{"code":400,"error":"CEP NAO ENCONTRADO","level":"error","message":"Bad Request"}
{"code":400,"error":"Não foi possível interpretar o XML de resposta.","level":"error","message":"Bad Request"}
{"code":400,"error":"CEP NAO ENCONTRADO","level":"error","message":"Bad Request"}
{"code":400,"error":"Não foi possível interpretar o XML de resposta.","level":"error","message":"Bad Request"}
{"code":400,"error":"Não foi possível interpretar o XML de resposta.","level":"error","message":"Bad Request"}
{"code":400,"error":"CEP NAO ENCONTRADO","level":"error","message":"Bad Request"}
{"code":400,"error":"CEP INVÁLIDO","level":"error","message":"Bad Request"}
{"code":400,"error":"CEP INVÁLIDO","level":"error","message":"Bad Request"}
{"code":400,"error":"CEP INVÁLIDO","level":"error","message":"Bad Request"}
{"code":400,"error":"CEP NAO ENCONTRADO","level":"error","message":"Bad Request"}
{"code":400,"error":"CEP INVÁLIDO","level":"error","message":"Bad Request"}
{"code":400,"error":"Não foi possível interpretar o XML de resposta.","level":"error","message":"Bad Request"}
{"code":400,"error":"Não foi possível interpretar o XML de resposta.","level":"error","message":"Bad Request"}
{"code":400,"error":"Não foi possível interpretar o XML de resposta.","level":"error","message":"Bad Request"}
{"code":400,"error":"CEP NAO ENCONTRADO","level":"error","message":"Bad Request"}
{"code":400,"error":"Não foi possível interpretar o XML de resposta.","level":"error","message":"Bad Request"}
{"code":400,"error":"CEP INVÁLIDO","level":"error","message":"Bad Request"}
